


materialPath: D:\Steam\steamapps\sourcemods\mod_name\materials
Loading D:\Steam\steamapps\sourcemods\mod_name\maps_hammer\background02.vmf
Could not locate 'GameData' key in d:\steam\steamapps\sourcemods\mod_name\gameinfo.txt
Patching WVT material: maps/background02/nature/blendgrasspave01_wvt_patch
fixing up env_cubemap materials on brush sides...
0...1...2...3...4...5...6...7...8...9...100...1...2...3...4...5...6...7...8...9...10Processing areas...done (0)
Building Faces...done (0)
FixTjuncs...
PruneNodes...
WriteBSP...
done (0)
writing D:\Steam\steamapps\sourcemods\mod_name\maps_hammer\background02.prt...Building visibility clusters...
done (0)
Creating default LDR cubemaps for env_cubemap using skybox materials:
   skybox/sky_day01_01*.vmt
 ! Run buildcubemaps in the engine to get the correct cube maps.
Creating default HDR cubemaps for env_cubemap using skybox materials:
   skybox/sky_day01_01*.vmt
 ! Run buildcubemaps in the engine to get the correct cube maps.
Finding displacement neighbors...
Finding lightmap sample positions...
Displacement Alpha : 0...1...2...3...4...5...6...7...8...9...10
Building Physics collision data...
done (0) (5361 bytes)
Placing detail props : 0...1...2...3...4...5...6...7...8...9...10
Compacting texture/material tables...
Reduced 22 texinfos to 7
Reduced 5 texdatas to 4 (130 bytes to 106)
Writing D:\Steam\steamapps\sourcemods\mod_name\maps_hammer\background02.bsp
0 seconds elapsed



16 threads
reading d:\steam\steamapps\sourcemods\mod_name\maps_hammer\background02.bsp
reading d:\steam\steamapps\sourcemods\mod_name\maps_hammer\background02.prt
  25 portalclusters
  34 numportals
0...1...2...3...4...5...6...7...8...9...100...1...2...3...4...5...6...7...8...9...10Optimized: 0 visible clusters (0.00%)
Total clusters visible: 577
Average clusters visible: 23
Building PAS...
Average clusters audible: 23
visdatasize:450  compressed from 400
writing d:\steam\steamapps\sourcemods\mod_name\maps_hammer\background02.bsp
0 seconds elapsed



[Reading texlights from 'lights.rad']
[45 texlights parsed from 'lights.rad']

Loading d:\steam\steamapps\sourcemods\mod_name\maps_hammer\background02.bsp
144 faces
361959 square feet [52122112.00 square inches]
0 Displacements
0 Square Feet [0.00 Square Inches]
144 patches before subdivision
13184 patches after subdivision
2 direct lights
0...1...2...3...4...5...6...7...8...9...100...1...2...3...4...5...6...7...8...9...10transfers 6430, max 194
transfer lists:   0.0 megs
0...1...2...3...4...5...6...7...8...9...10	Bounce #1 added RGB(4, 3, 3)
0...1...2...3...4...5...6...7...8...9...10	Bounce #2 added RGB(0, 0, 0)
Build Patch/Sample Hash Table(s).....Done<0.0015 sec>
0...1...2...3...4...5...6...7...8...9...10FinalLightFace Done
0 of 0 (0% of) surface lights went in leaf ambient cubes.
0...1...2...3...4...5...6...7...8...9...10Writing leaf ambient...done
Ready to Finish

Object names       Objects/Maxobjs  Memory / Maxmem  Fullness 
------------       ---------------  ---------------  -------- 
models                   2/1024           96/49152    ( 0.2%) 
brushes                 15/8192          180/98304    ( 0.2%) 
brushsides              90/65536         720/524288   ( 0.1%) 
planes                 130/65536        2600/1310720  ( 0.2%) 
vertexes               204/65536        2448/786432   ( 0.3%) 
nodes                  143/65536        4576/2097152  ( 0.2%) 
texinfos                 7/12288         504/884736   ( 0.1%) 
texdata                  4/2048          128/65536    ( 0.2%) 
dispinfos                0/0               0/0        ( 0.0%) 
disp_verts               0/0               0/0        ( 0.0%) 
disp_tris                0/0               0/0        ( 0.0%) 
disp_lmsamples           0/0               0/0        ( 0.0%) 
faces                  144/65536        8064/3670016  ( 0.2%) 
hdr faces                0/65536           0/3670016  ( 0.0%) 
origfaces               19/65536        1064/3670016  ( 0.0%) 
leaves                 146/65536        4672/2097152  ( 0.2%) 
leaffaces              154/65536         308/131072   ( 0.2%) 
leafbrushes             89/65536         178/131072   ( 0.1%) 
areas                    3/256            24/2048     ( 1.2%) 
surfedges              704/512000       2816/2048000  ( 0.1%) 
edges                  376/256000       1504/1024000  ( 0.1%) 
LDR worldlights          2/8192          176/720896   ( 0.0%) 
HDR worldlights          0/8192            0/720896   ( 0.0%) 
leafwaterdata            0/32768           0/393216   ( 0.0%) 
waterstrips              0/32768           0/327680   ( 0.0%) 
waterverts               0/65536           0/786432   ( 0.0%) 
waterindices             0/65536           0/131072   ( 0.0%) 
cubemapsamples           0/1024            0/16384    ( 0.0%) 
overlays                 0/512             0/180224   ( 0.0%) 
LDR lightdata         [variable]      819032/0        ( 0.0%) 
HDR lightdata         [variable]           0/0        ( 0.0%) 
visdata               [variable]         450/16777216 ( 0.0%) 
entdata               [variable]        6578/393216   ( 1.7%) 
LDR ambient table      146/65536         584/262144   ( 0.2%) 
HDR ambient table      146/65536         584/262144   ( 0.2%) 
LDR leaf ambient       475/65536       13300/1835008  ( 0.7%) 
HDR leaf ambient       146/65536        4088/1835008  ( 0.2%) 
occluders                0/0               0/0        ( 0.0%) 
occluder polygons        0/0               0/0        ( 0.0%) 
occluder vert ind        0/0               0/0        ( 0.0%) 
detail props          [variable]           1/12       ( 8.3%) 
static props          [variable]           1/1268     ( 0.1%) 
pakfile               [variable]      106016/0        ( 0.0%) 
physics               [variable]        5361/4194304  ( 0.1%) 
physics terrain       [variable]           2/1048576  ( 0.0%) 

Level flags = 0

Total triangle count: 340
Writing d:\steam\steamapps\sourcemods\mod_name\maps_hammer\background02.bsp
0 seconds elapsed
