PRT1
27
61
4 0 1 (512 384 504 ) (512 384 8 ) (528 384 8 ) (528 384 504 ) 
4 0 3 (512 512 504 ) (512 512 -8 ) (512 384 -8 ) (512 384 504 ) 
4 1 3 (512 368 8 ) (512 368 504 ) (512 384 504 ) (512 384 8 ) 
4 1 2 (512 368 504 ) (512 368 8 ) (528 368 8 ) (528 368 504 ) 
4 2 4 (528 304 72 ) (528 304 504 ) (512 304 504 ) (512 304 72 ) 
4 2 5 (512 304 -8 ) (528 304 -8 ) (528 304 56 ) (512 304 56 ) 
4 2 3 (512 368 -8 ) (512 304 -8 ) (512 304 504 ) (512 368 504 ) 
4 3 13 (16 304 -8 ) (448 304 -8 ) (448 304 504 ) (16 304 504 ) 
4 3 12 (464 304 8 ) (464 304 504 ) (448 304 504 ) (448 304 8 ) 
4 3 10 (480 304 24 ) (480 304 504 ) (464 304 504 ) (464 304 24 ) 
4 3 11 (464 304 -8 ) (480 304 -8 ) (480 304 8 ) (464 304 8 ) 
4 3 8 (496 304 40 ) (496 304 504 ) (480 304 504 ) (480 304 40 ) 
4 3 9 (480 304 -8 ) (496 304 -8 ) (496 304 24 ) (480 304 24 ) 
4 3 6 (512 304 56 ) (512 304 504 ) (496 304 504 ) (496 304 56 ) 
4 3 7 (496 304 -8 ) (512 304 -8 ) (512 304 40 ) (496 304 40 ) 
4 4 14 (528 208 72 ) (528 208 504 ) (512 208 504 ) (512 208 72 ) 
4 4 6 (512 304 504 ) (512 304 72 ) (512 208 72 ) (512 208 504 ) 
4 5 14 (512 208 -8 ) (528 208 -8 ) (528 208 56 ) (512 208 56 ) 
4 5 7 (512 304 40 ) (512 304 -8 ) (512 208 -8 ) (512 208 40 ) 
4 6 14 (512 208 56 ) (512 208 504 ) (496 208 504 ) (496 208 56 ) 
4 6 8 (496 304 504 ) (496 304 56 ) (496 208 56 ) (496 208 504 ) 
4 7 14 (496 208 -8 ) (512 208 -8 ) (512 208 40 ) (496 208 40 ) 
4 7 9 (496 304 24 ) (496 304 -8 ) (496 208 -8 ) (496 208 24 ) 
4 8 14 (496 208 40 ) (496 208 504 ) (480 208 504 ) (480 208 40 ) 
4 8 10 (480 304 504 ) (480 304 40 ) (480 208 40 ) (480 208 504 ) 
4 9 14 (480 208 -8 ) (496 208 -8 ) (496 208 24 ) (480 208 24 ) 
4 9 11 (480 304 8 ) (480 304 -8 ) (480 208 -8 ) (480 208 8 ) 
4 10 14 (480 208 24 ) (480 208 504 ) (464 208 504 ) (464 208 24 ) 
4 10 12 (464 304 504 ) (464 304 24 ) (464 208 24 ) (464 208 504 ) 
4 11 14 (464 208 -8 ) (480 208 -8 ) (480 208 8 ) (464 208 8 ) 
4 12 14 (464 208 8 ) (464 208 504 ) (448 208 504 ) (448 208 8 ) 
4 12 13 (448 304 504 ) (448 304 8 ) (448 208 8 ) (448 208 504 ) 
4 13 14 (16 208 -8 ) (448 208 -8 ) (448 208 504 ) (16 208 504 ) 
4 15 25 (-512 304 -8 ) (-80 304 -8 ) (-80 304 504 ) (-512 304 504 ) 
4 15 24 (-64 304 8 ) (-64 304 504 ) (-80 304 504 ) (-80 304 8 ) 
4 15 22 (-48 304 24 ) (-48 304 504 ) (-64 304 504 ) (-64 304 24 ) 
4 15 23 (-64 304 -8 ) (-48 304 -8 ) (-48 304 8 ) (-64 304 8 ) 
4 15 20 (-32 304 40 ) (-32 304 504 ) (-48 304 504 ) (-48 304 40 ) 
4 15 21 (-48 304 -8 ) (-32 304 -8 ) (-32 304 24 ) (-48 304 24 ) 
4 15 18 (-16 304 56 ) (-16 304 504 ) (-32 304 504 ) (-32 304 56 ) 
4 15 19 (-32 304 -8 ) (-16 304 -8 ) (-16 304 40 ) (-32 304 40 ) 
4 15 16 (0 304 72 ) (0 304 504 ) (-16 304 504 ) (-16 304 72 ) 
4 15 17 (-16 304 -8 ) (0 304 -8 ) (0 304 56 ) (-16 304 56 ) 
4 16 26 (0 208 72 ) (0 208 504 ) (-16 208 504 ) (-16 208 72 ) 
4 16 18 (-16 208 72 ) (-16 208 504 ) (-16 304 504 ) (-16 304 72 ) 
4 17 26 (-16 208 -8 ) (0 208 -8 ) (0 208 56 ) (-16 208 56 ) 
4 17 19 (-16 208 -8 ) (-16 208 40 ) (-16 304 40 ) (-16 304 -8 ) 
4 18 26 (-16 208 56 ) (-16 208 504 ) (-32 208 504 ) (-32 208 56 ) 
4 18 20 (-32 208 56 ) (-32 208 504 ) (-32 304 504 ) (-32 304 56 ) 
4 19 26 (-32 208 -8 ) (-16 208 -8 ) (-16 208 40 ) (-32 208 40 ) 
4 19 21 (-32 208 -8 ) (-32 208 24 ) (-32 304 24 ) (-32 304 -8 ) 
4 20 26 (-32 208 40 ) (-32 208 504 ) (-48 208 504 ) (-48 208 40 ) 
4 20 22 (-48 208 40 ) (-48 208 504 ) (-48 304 504 ) (-48 304 40 ) 
4 21 26 (-48 208 -8 ) (-32 208 -8 ) (-32 208 24 ) (-48 208 24 ) 
4 21 23 (-48 208 -8 ) (-48 208 8 ) (-48 304 8 ) (-48 304 -8 ) 
4 22 26 (-48 208 24 ) (-48 208 504 ) (-64 208 504 ) (-64 208 24 ) 
4 22 24 (-64 208 24 ) (-64 208 504 ) (-64 304 504 ) (-64 304 24 ) 
4 23 26 (-64 208 -8 ) (-48 208 -8 ) (-48 208 8 ) (-64 208 8 ) 
4 24 26 (-64 208 8 ) (-64 208 504 ) (-80 208 504 ) (-80 208 8 ) 
4 24 25 (-80 208 8 ) (-80 208 504 ) (-80 304 504 ) (-80 304 8 ) 
4 25 26 (-512 208 -8 ) (-80 208 -8 ) (-80 208 504 ) (-512 208 504 ) 
